[2025-07-25 16:28:47] ==== Ejecución de scraper estático iniciada ====
[2025-07-25 16:28:47] Scrapeando página 1...
[2025-07-25 16:28:48] Imagen descargada y registrada: A_Light_in_the_Attic.jpg
[2025-07-25 16:28:48] Imagen descargada y registrada: Tipping_the_Velvet.jpg
[2025-07-25 16:28:48] Imagen descargada y registrada: Soumission.jpg
[2025-07-25 16:28:49] Imagen descargada y registrada: Sharp_Objects.jpg
[2025-07-25 16:28:49] Imagen descargada y registrada: Sapiens:_A_Brief_History_of_Humankind.jpg
[2025-07-25 16:28:49] Imagen descargada y registrada: The_Requiem_Red.jpg
[2025-07-25 16:28:49] Imagen descargada y registrada: The_Dirty_Little_Secrets_of_Getting_Your_Dream_Job.jpg
[2025-07-25 16:28:49] Imagen descargada y registrada: The_Coming_Woman:_A_Novel_Based_on_the_Life_of_the_Infamous_Feminist,_Victoria_Woodhull.jpg
[2025-07-25 16:28:50] Imagen descargada y registrada: The_Boys_in_the_Boat:_Nine_Americans_and_Their_Epic_Quest_for_Gold_at_the_1936_Berlin_Olympics.jpg
[2025-07-25 16:28:50] Imagen descargada y registrada: The_Black_Maria.jpg
[2025-07-25 16:28:50] Imagen descargada y registrada: Starving_Hearts_(Triangular_Trade_Trilogy,_#1).jpg
[2025-07-25 16:28:50] Imagen descargada y registrada: Shakespeare's_Sonnets.jpg
[2025-07-25 16:28:50] Imagen descargada y registrada: Set_Me_Free.jpg
[2025-07-25 16:28:51] Imagen descargada y registrada: Scott_Pilgrim's_Precious_Little_Life_(Scott_Pilgrim_#1).jpg
[2025-07-25 16:28:51] Imagen descargada y registrada: Rip_it_Up_and_Start_Again.jpg
[2025-07-25 16:28:51] Imagen descargada y registrada: Our_Band_Could_Be_Your_Life:_Scenes_from_the_American_Indie_Underground,_1981-1991.jpg
[2025-07-25 16:28:51] Imagen descargada y registrada: Olio.jpg
[2025-07-25 16:28:51] Imagen descargada y registrada: Mesaerion:_The_Best_Science_Fiction_Stories_1800-1849.jpg
[2025-07-25 16:28:52] Imagen descargada y registrada: Libertarianism_for_Beginners.jpg
[2025-07-25 16:28:52] Imagen descargada y registrada: It's_Only_the_Himalayas.jpg
[2025-07-25 16:28:52] Scrapeando página 2...
[2025-07-25 16:28:52] Imagen descargada y registrada: In_Her_Wake.jpg
[2025-07-25 16:28:53] Imagen descargada y registrada: How_Music_Works.jpg
[2025-07-25 16:28:53] Error al descargar imagen de Foolproof Preserving: A Guide to Small Batch Jams, Jellies, Pickles, Condiments, and More: A Foolproof Guide to Making Small Batch Jams, Jellies, Pickles, Condiments, and More: [Errno 22] Invalid argument: 'downloads\\Foolproof_Preserving:_A_Guide_to_Small_Batch_Jams,_Jellies,_Pickles,_Condiments,_and_More:_A_Foolproof_Guide_to_Making_Small_Batch_Jams,_Jellies,_Pickles,_Condiments,_and_More.jpg'
[2025-07-25 16:28:53] Imagen descargada y registrada: Chase_Me_(Paris_Nights_#2).jpg
[2025-07-25 16:28:53] Imagen descargada y registrada: Black_Dust.jpg
[2025-07-25 16:28:53] Imagen descargada y registrada: Birdsong:_A_Story_in_Pictures.jpg
[2025-07-25 16:28:54] Imagen descargada y registrada: America's_Cradle_of_Quarterbacks:_Western_Pennsylvania's_Football_Factory_from_Johnny_Unitas_to_Joe_Montana.jpg
[2025-07-25 16:28:54] Imagen descargada y registrada: Aladdin_and_His_Wonderful_Lamp.jpg
[2025-07-25 16:28:54] Imagen descargada y registrada: Worlds_Elsewhere:_Journeys_Around_Shakespeareâs_Globe.jpg
[2025-07-25 16:28:54] Imagen descargada y registrada: Wall_and_Piece.jpg
[2025-07-25 16:28:55] Imagen descargada y registrada: The_Four_Agreements:_A_Practical_Guide_to_Personal_Freedom.jpg
[2025-07-25 16:28:55] Imagen descargada y registrada: The_Five_Love_Languages:_How_to_Express_Heartfelt_Commitment_to_Your_Mate.jpg
[2025-07-25 16:28:55] Imagen descargada y registrada: The_Elephant_Tree.jpg
[2025-07-25 16:28:55] Imagen descargada y registrada: The_Bear_and_the_Piano.jpg
[2025-07-25 16:28:55] Imagen descargada y registrada: Sophie's_World.jpg
[2025-07-25 16:28:56] Imagen descargada y registrada: Penny_Maybe.jpg
[2025-07-25 16:28:56] Imagen descargada y registrada: Maude_(1883-1993):She_Grew_Up_with_the_country.jpg
[2025-07-25 16:28:56] Imagen descargada y registrada: In_a_Dark,_Dark_Wood.jpg
[2025-07-25 16:28:56] Imagen descargada y registrada: Behind_Closed_Doors.jpg
[2025-07-25 16:28:56] Imagen descargada y registrada: You_can't_bury_them_all:_Poems.jpg
[2025-07-25 16:28:56] Scrapeando página 3...
[2025-07-25 16:28:57] Imagen descargada y registrada: Slow_States_of_Collapse:_Poems.jpg
[2025-07-25 16:28:57] Imagen descargada y registrada: Reasons_to_Stay_Alive.jpg
[2025-07-25 16:28:57] Imagen descargada y registrada: Private_Paris_(Private_#10).jpg
[2025-07-25 16:28:58] Imagen descargada y registrada: #HigherSelfie:_Wake_Up_Your_Life._Free_Your_Soul._Find_Your_Tribe..jpg
[2025-07-25 16:28:58] Imagen descargada y registrada: Without_Borders_(Wanderlove_#1).jpg
[2025-07-25 16:28:58] Imagen descargada y registrada: When_We_Collided.jpg
[2025-07-25 16:28:58] Imagen descargada y registrada: We_Love_You,_Charlie_Freeman.jpg
[2025-07-25 16:28:59] Imagen descargada y registrada: Untitled_Collection:_Sabbath_Poems_2014.jpg
[2025-07-25 16:28:59] Imagen descargada y registrada: Unseen_City:_The_Majesty_of_Pigeons,_the_Discreet_Charm_of_Snails_&_Other_Wonders_of_the_Urban_Wilderness.jpg
[2025-07-25 16:28:59] Imagen descargada y registrada: Unicorn_Tracks.jpg
[2025-07-25 16:28:59] Imagen descargada y registrada: Unbound:_How_Eight_Technologies_Made_Us_Human,_Transformed_Society,_and_Brought_Our_World_to_the_Brink.jpg
[2025-07-25 16:28:59] Imagen descargada y registrada: Tsubasa:_WoRLD_CHRoNiCLE_2_(Tsubasa_WoRLD_CHRoNiCLE_#2).jpg
[2025-07-25 16:29:00] Imagen descargada y registrada: Throwing_Rocks_at_the_Google_Bus:_How_Growth_Became_the_Enemy_of_Prosperity.jpg
[2025-07-25 16:29:00] Imagen descargada y registrada: This_One_Summer.jpg
[2025-07-25 16:29:00] Imagen descargada y registrada: Thirst.jpg
[2025-07-25 16:29:00] Imagen descargada y registrada: The_Torch_Is_Passed:_A_Harding_Family_Story.jpg
[2025-07-25 16:29:00] Imagen descargada y registrada: The_Secret_of_Dreadwillow_Carse.jpg
[2025-07-25 16:29:01] Error al descargar imagen de The Pioneer Woman Cooks: Dinnertime: Comfort Classics, Freezer Food, 16-Minute Meals, and Other Delicious Ways to Solve Supper!: [Errno 22] Invalid argument: 'downloads\\The_Pioneer_Woman_Cooks:_Dinnertime:_Comfort_Classics,_Freezer_Food,_16-Minute_Meals,_and_Other_Delicious_Ways_to_Solve_Supper!.jpg'
[2025-07-25 16:29:01] Imagen descargada y registrada: The_Past_Never_Ends.jpg
[2025-07-25 16:29:01] Imagen descargada y registrada: The_Natural_History_of_Us_(The_Fine_Art_of_Pretending_#2).jpg
[2025-07-25 16:29:01] Scrapeando página 4...
[2025-07-25 16:29:02] Imagen descargada y registrada: The_Nameless_City_(The_Nameless_City_#1).jpg
[2025-07-25 16:29:02] Imagen descargada y registrada: The_Murder_That_Never_Was_(Forensic_Instincts_#5).jpg
[2025-07-25 16:29:02] Imagen descargada y registrada: The_Most_Perfect_Thing:_Inside_(and_Outside)_a_Bird's_Egg.jpg
[2025-07-25 16:29:02] Imagen descargada y registrada: The_Mindfulness_and_Acceptance_Workbook_for_Anxiety:_A_Guide_to_Breaking_Free_from_Anxiety,_Phobias,_and_Worry_Using_Acceptance_and_Commitment_Therapy.jpg
[2025-07-25 16:29:03] Imagen descargada y registrada: The_Life-Changing_Magic_of_Tidying_Up:_The_Japanese_Art_of_Decluttering_and_Organizing.jpg
[2025-07-25 16:29:03] Imagen descargada y registrada: The_Inefficiency_Assassin:_Time_Management_Tactics_for_Working_Smarter,_Not_Longer.jpg
[2025-07-25 16:29:03] Imagen descargada y registrada: The_Gutsy_Girl:_Escapades_for_Your_Life_of_Epic_Adventure.jpg
[2025-07-25 16:29:03] Imagen descargada y registrada: The_Electric_Pencil:_Drawings_from_Inside_State_Hospital_No._3.jpg
[2025-07-25 16:29:04] Imagen descargada y registrada: The_Death_of_Humanity:_and_the_Case_for_Life.jpg
[2025-07-25 16:29:04] Imagen descargada y registrada: The_Bulletproof_Diet:_Lose_up_to_a_Pound_a_Day,_Reclaim_Energy_and_Focus,_Upgrade_Your_Life.jpg
[2025-07-25 16:29:04] Imagen descargada y registrada: The_Art_Forger.jpg
[2025-07-25 16:29:04] Imagen descargada y registrada: The_Age_of_Genius:_The_Seventeenth_Century_and_the_Birth_of_the_Modern_Mind.jpg
[2025-07-25 16:29:04] Imagen descargada y registrada: The_Activist's_Tao_Te_Ching:_Ancient_Advice_for_a_Modern_Revolution.jpg
[2025-07-25 16:29:05] Imagen descargada y registrada: Spark_Joy:_An_Illustrated_Master_Class_on_the_Art_of_Organizing_and_Tidying_Up.jpg
[2025-07-25 16:29:05] Imagen descargada y registrada: Soul_Reader.jpg
[2025-07-25 16:29:05] Imagen descargada y registrada: Security.jpg
[2025-07-25 16:29:05] Imagen descargada y registrada: Saga,_Volume_6_(Saga_(Collected_Editions)_#6).jpg
[2025-07-25 16:29:05] Imagen descargada y registrada: Saga,_Volume_5_(Saga_(Collected_Editions)_#5).jpg
[2025-07-25 16:29:06] Imagen descargada y registrada: Reskilling_America:_Learning_to_Labor_in_the_Twenty-First_Century.jpg
[2025-07-25 16:29:06] Imagen descargada y registrada: Rat_Queens,_Vol._3:_Demons_(Rat_Queens_(Collected_Editions)_#11-15).jpg
[2025-07-25 16:29:06] Scrapeando página 5...
[2025-07-25 16:29:06] Imagen descargada y registrada: Princess_Jellyfish_2-in-1_Omnibus,_Vol._01_(Princess_Jellyfish_2-in-1_Omnibus_#1).jpg
[2025-07-25 16:29:07] Imagen descargada y registrada: Princess_Between_Worlds_(Wide-Awake_Princess_#5).jpg
[2025-07-25 16:29:07] Imagen descargada y registrada: Pop_Gun_War,_Volume_1:_Gift.jpg
[2025-07-25 16:29:07] Imagen descargada y registrada: Political_Suicide:_Missteps,_Peccadilloes,_Bad_Calls,_Backroom_Hijinx,_Sordid_Pasts,_Rotten_Breaks,_and_Just_Plain_Dumb_Mistakes_in_the_Annals_of_American_Politics.jpg
[2025-07-25 16:29:07] Imagen descargada y registrada: Patience.jpg
[2025-07-25 16:29:08] Imagen descargada y registrada: Outcast,_Vol._1:_A_Darkness_Surrounds_Him_(Outcast_#1).jpg
[2025-07-25 16:29:08] Error al descargar imagen de orange: The Complete Collection 1 (orange: The Complete Collection #1): [Errno 22] Invalid argument: 'downloads\\orange:_The_Complete_Collection_1_(orange:_The_Complete_Collection_#1).jpg'
[2025-07-25 16:29:08] Imagen descargada y registrada: Online_Marketing_for_Busy_Authors:_A_Step-By-Step_Guide.jpg
[2025-07-25 16:29:08] Imagen descargada y registrada: On_a_Midnight_Clear.jpg
[2025-07-25 16:29:08] Imagen descargada y registrada: Obsidian_(Lux_#1).jpg
[2025-07-25 16:29:09] Imagen descargada y registrada: My_Paris_Kitchen:_Recipes_and_Stories.jpg
[2025-07-25 16:29:09] Imagen descargada y registrada: Masks_and_Shadows.jpg
[2025-07-25 16:29:09] Imagen descargada y registrada: Mama_Tried:_Traditional_Italian_Cooking_for_the_Screwed,_Crude,_Vegan,_and_Tattooed.jpg
[2025-07-25 16:29:09] Imagen descargada y registrada: Lumberjanes,_Vol._2:_Friendship_to_the_Max_(Lumberjanes_#5-8).jpg
[2025-07-25 16:29:09] Imagen descargada y registrada: Lumberjanes,_Vol._1:_Beware_the_Kitten_Holy_(Lumberjanes_#1-4).jpg
[2025-07-25 16:29:10] Imagen descargada y registrada: Lumberjanes_Vol._3:_A_Terrible_Plan_(Lumberjanes_#9-12).jpg
[2025-07-25 16:29:10] Imagen descargada y registrada: Layered:_Baking,_Building,_and_Styling_Spectacular_Cakes.jpg
[2025-07-25 16:29:10] Imagen descargada y registrada: Judo:_Seven_Steps_to_Black_Belt_(an_Introductory_Guide_for_Beginners).jpg
[2025-07-25 16:29:10] Imagen descargada y registrada: Join.jpg
[2025-07-25 16:29:11] Imagen descargada y registrada: In_the_Country_We_Love:_My_Family_Divided.jpg
[2025-07-25 16:29:11] Se guardaron 100 libros en 'data/results.json'
[2025-07-25 16:29:11] Evento de scraping registrado en events.json.
[2025-07-25 16:29:11] ✅ Datos de estático guardados en PostgreSQL.
[2025-07-25 16:29:11] ==== Ejecución de scraper estático finalizada ====
[2025-07-25 16:44:36] ==== Ejecución de scraper estático iniciada ====
[2025-07-25 16:44:36] Scrapeando página 1...
[2025-07-25 16:44:37] Imagen descargada y registrada: A_Light_in_the_Attic.jpg
[2025-07-25 16:44:37] Imagen descargada y registrada: Tipping_the_Velvet.jpg
[2025-07-25 16:44:37] Imagen descargada y registrada: Soumission.jpg
[2025-07-25 16:44:38] Imagen descargada y registrada: Sharp_Objects.jpg
[2025-07-25 16:44:38] Imagen descargada y registrada: Sapiens:_A_Brief_History_of_Humankind.jpg
[2025-07-25 16:44:38] Imagen descargada y registrada: The_Requiem_Red.jpg
[2025-07-25 16:44:38] Imagen descargada y registrada: The_Dirty_Little_Secrets_of_Getting_Your_Dream_Job.jpg
[2025-07-25 16:44:39] Imagen descargada y registrada: The_Coming_Woman:_A_Novel_Based_on_the_Life_of_the_Infamous_Feminist,_Victoria_Woodhull.jpg
[2025-07-25 16:44:39] Imagen descargada y registrada: The_Boys_in_the_Boat:_Nine_Americans_and_Their_Epic_Quest_for_Gold_at_the_1936_Berlin_Olympics.jpg
[2025-07-25 16:44:39] Imagen descargada y registrada: The_Black_Maria.jpg
[2025-07-25 16:44:39] Imagen descargada y registrada: Starving_Hearts_(Triangular_Trade_Trilogy,_#1).jpg
[2025-07-25 16:44:39] Imagen descargada y registrada: Shakespeare's_Sonnets.jpg
[2025-07-25 16:44:40] Imagen descargada y registrada: Set_Me_Free.jpg
[2025-07-25 16:44:40] Imagen descargada y registrada: Scott_Pilgrim's_Precious_Little_Life_(Scott_Pilgrim_#1).jpg
[2025-07-25 16:44:40] Imagen descargada y registrada: Rip_it_Up_and_Start_Again.jpg
[2025-07-25 16:44:40] Imagen descargada y registrada: Our_Band_Could_Be_Your_Life:_Scenes_from_the_American_Indie_Underground,_1981-1991.jpg
[2025-07-25 16:44:40] Imagen descargada y registrada: Olio.jpg
[2025-07-25 16:44:41] Imagen descargada y registrada: Mesaerion:_The_Best_Science_Fiction_Stories_1800-1849.jpg
[2025-07-25 16:44:41] Imagen descargada y registrada: Libertarianism_for_Beginners.jpg
[2025-07-25 16:44:41] Imagen descargada y registrada: It's_Only_the_Himalayas.jpg
[2025-07-25 16:44:41] Scrapeando página 2...
[2025-07-25 16:44:42] Imagen descargada y registrada: In_Her_Wake.jpg
[2025-07-25 16:44:42] Imagen descargada y registrada: How_Music_Works.jpg
[2025-07-25 16:44:42] Error al descargar imagen de Foolproof Preserving: A Guide to Small Batch Jams, Jellies, Pickles, Condiments, and More: A Foolproof Guide to Making Small Batch Jams, Jellies, Pickles, Condiments, and More: [Errno 22] Invalid argument: 'downloads\\Foolproof_Preserving:_A_Guide_to_Small_Batch_Jams,_Jellies,_Pickles,_Condiments,_and_More:_A_Foolproof_Guide_to_Making_Small_Batch_Jams,_Jellies,_Pickles,_Condiments,_and_More.jpg'
[2025-07-25 16:44:42] Imagen descargada y registrada: Chase_Me_(Paris_Nights_#2).jpg
[2025-07-25 16:44:43] Imagen descargada y registrada: Black_Dust.jpg
[2025-07-25 16:44:43] Imagen descargada y registrada: Birdsong:_A_Story_in_Pictures.jpg
[2025-07-25 16:44:43] Imagen descargada y registrada: America's_Cradle_of_Quarterbacks:_Western_Pennsylvania's_Football_Factory_from_Johnny_Unitas_to_Joe_Montana.jpg
[2025-07-25 16:44:43] Imagen descargada y registrada: Aladdin_and_His_Wonderful_Lamp.jpg
[2025-07-25 16:44:44] Imagen descargada y registrada: Worlds_Elsewhere:_Journeys_Around_Shakespeareâs_Globe.jpg
[2025-07-25 16:44:44] Imagen descargada y registrada: Wall_and_Piece.jpg
[2025-07-25 16:44:44] Imagen descargada y registrada: The_Four_Agreements:_A_Practical_Guide_to_Personal_Freedom.jpg
[2025-07-25 16:44:44] Imagen descargada y registrada: The_Five_Love_Languages:_How_to_Express_Heartfelt_Commitment_to_Your_Mate.jpg
[2025-07-25 16:44:44] Imagen descargada y registrada: The_Elephant_Tree.jpg
[2025-07-25 16:44:45] Imagen descargada y registrada: The_Bear_and_the_Piano.jpg
[2025-07-25 16:44:45] Imagen descargada y registrada: Sophie's_World.jpg
[2025-07-25 16:44:45] Imagen descargada y registrada: Penny_Maybe.jpg
[2025-07-25 16:44:45] Imagen descargada y registrada: Maude_(1883-1993):She_Grew_Up_with_the_country.jpg
[2025-07-25 16:44:46] Imagen descargada y registrada: In_a_Dark,_Dark_Wood.jpg
[2025-07-25 16:44:46] Imagen descargada y registrada: Behind_Closed_Doors.jpg
[2025-07-25 16:44:46] Imagen descargada y registrada: You_can't_bury_them_all:_Poems.jpg
[2025-07-25 16:44:46] Scrapeando página 3...
[2025-07-25 16:44:47] Imagen descargada y registrada: Slow_States_of_Collapse:_Poems.jpg
[2025-07-25 16:44:47] Imagen descargada y registrada: Reasons_to_Stay_Alive.jpg
[2025-07-25 16:44:47] Imagen descargada y registrada: Private_Paris_(Private_#10).jpg
[2025-07-25 16:44:47] Imagen descargada y registrada: #HigherSelfie:_Wake_Up_Your_Life._Free_Your_Soul._Find_Your_Tribe..jpg
[2025-07-25 16:44:47] Imagen descargada y registrada: Without_Borders_(Wanderlove_#1).jpg
[2025-07-25 16:44:48] Imagen descargada y registrada: When_We_Collided.jpg
[2025-07-25 16:44:48] Imagen descargada y registrada: We_Love_You,_Charlie_Freeman.jpg
[2025-07-25 16:44:48] Imagen descargada y registrada: Untitled_Collection:_Sabbath_Poems_2014.jpg
[2025-07-25 16:44:48] Imagen descargada y registrada: Unseen_City:_The_Majesty_of_Pigeons,_the_Discreet_Charm_of_Snails_&_Other_Wonders_of_the_Urban_Wilderness.jpg
[2025-07-25 16:44:49] Imagen descargada y registrada: Unicorn_Tracks.jpg
[2025-07-25 16:44:49] Imagen descargada y registrada: Unbound:_How_Eight_Technologies_Made_Us_Human,_Transformed_Society,_and_Brought_Our_World_to_the_Brink.jpg
[2025-07-25 16:44:49] Imagen descargada y registrada: Tsubasa:_WoRLD_CHRoNiCLE_2_(Tsubasa_WoRLD_CHRoNiCLE_#2).jpg
[2025-07-25 16:44:49] Imagen descargada y registrada: Throwing_Rocks_at_the_Google_Bus:_How_Growth_Became_the_Enemy_of_Prosperity.jpg
[2025-07-25 16:44:49] Imagen descargada y registrada: This_One_Summer.jpg
[2025-07-25 16:44:50] Imagen descargada y registrada: Thirst.jpg
[2025-07-25 16:44:50] Imagen descargada y registrada: The_Torch_Is_Passed:_A_Harding_Family_Story.jpg
[2025-07-25 16:44:50] Imagen descargada y registrada: The_Secret_of_Dreadwillow_Carse.jpg
[2025-07-25 16:44:50] Error al descargar imagen de The Pioneer Woman Cooks: Dinnertime: Comfort Classics, Freezer Food, 16-Minute Meals, and Other Delicious Ways to Solve Supper!: [Errno 22] Invalid argument: 'downloads\\The_Pioneer_Woman_Cooks:_Dinnertime:_Comfort_Classics,_Freezer_Food,_16-Minute_Meals,_and_Other_Delicious_Ways_to_Solve_Supper!.jpg'
[2025-07-25 16:44:50] Imagen descargada y registrada: The_Past_Never_Ends.jpg
[2025-07-25 16:44:51] Imagen descargada y registrada: The_Natural_History_of_Us_(The_Fine_Art_of_Pretending_#2).jpg
[2025-07-25 16:44:51] Scrapeando página 4...
[2025-07-25 16:44:51] Imagen descargada y registrada: The_Nameless_City_(The_Nameless_City_#1).jpg
[2025-07-25 16:44:52] Imagen descargada y registrada: The_Murder_That_Never_Was_(Forensic_Instincts_#5).jpg
[2025-07-25 16:44:52] Imagen descargada y registrada: The_Most_Perfect_Thing:_Inside_(and_Outside)_a_Bird's_Egg.jpg
[2025-07-25 16:44:52] Imagen descargada y registrada: The_Mindfulness_and_Acceptance_Workbook_for_Anxiety:_A_Guide_to_Breaking_Free_from_Anxiety,_Phobias,_and_Worry_Using_Acceptance_and_Commitment_Therapy.jpg
[2025-07-25 16:44:52] Imagen descargada y registrada: The_Life-Changing_Magic_of_Tidying_Up:_The_Japanese_Art_of_Decluttering_and_Organizing.jpg
[2025-07-25 16:44:52] Imagen descargada y registrada: The_Inefficiency_Assassin:_Time_Management_Tactics_for_Working_Smarter,_Not_Longer.jpg
[2025-07-25 16:44:53] Imagen descargada y registrada: The_Gutsy_Girl:_Escapades_for_Your_Life_of_Epic_Adventure.jpg
[2025-07-25 16:44:53] Imagen descargada y registrada: The_Electric_Pencil:_Drawings_from_Inside_State_Hospital_No._3.jpg
[2025-07-25 16:44:53] Imagen descargada y registrada: The_Death_of_Humanity:_and_the_Case_for_Life.jpg
[2025-07-25 16:44:53] Imagen descargada y registrada: The_Bulletproof_Diet:_Lose_up_to_a_Pound_a_Day,_Reclaim_Energy_and_Focus,_Upgrade_Your_Life.jpg
[2025-07-25 16:44:54] Imagen descargada y registrada: The_Art_Forger.jpg
[2025-07-25 16:44:54] Imagen descargada y registrada: The_Age_of_Genius:_The_Seventeenth_Century_and_the_Birth_of_the_Modern_Mind.jpg
[2025-07-25 16:44:54] Imagen descargada y registrada: The_Activist's_Tao_Te_Ching:_Ancient_Advice_for_a_Modern_Revolution.jpg
[2025-07-25 16:44:54] Imagen descargada y registrada: Spark_Joy:_An_Illustrated_Master_Class_on_the_Art_of_Organizing_and_Tidying_Up.jpg
[2025-07-25 16:44:54] Imagen descargada y registrada: Soul_Reader.jpg
[2025-07-25 16:44:55] Imagen descargada y registrada: Security.jpg
[2025-07-25 16:44:55] Imagen descargada y registrada: Saga,_Volume_6_(Saga_(Collected_Editions)_#6).jpg
[2025-07-25 16:44:55] Imagen descargada y registrada: Saga,_Volume_5_(Saga_(Collected_Editions)_#5).jpg
[2025-07-25 16:44:55] Imagen descargada y registrada: Reskilling_America:_Learning_to_Labor_in_the_Twenty-First_Century.jpg
[2025-07-25 16:44:55] Imagen descargada y registrada: Rat_Queens,_Vol._3:_Demons_(Rat_Queens_(Collected_Editions)_#11-15).jpg
[2025-07-25 16:44:55] Scrapeando página 5...
[2025-07-25 16:44:56] Imagen descargada y registrada: Princess_Jellyfish_2-in-1_Omnibus,_Vol._01_(Princess_Jellyfish_2-in-1_Omnibus_#1).jpg
[2025-07-25 16:44:56] Imagen descargada y registrada: Princess_Between_Worlds_(Wide-Awake_Princess_#5).jpg
[2025-07-25 16:44:57] Imagen descargada y registrada: Pop_Gun_War,_Volume_1:_Gift.jpg
[2025-07-25 16:44:57] Imagen descargada y registrada: Political_Suicide:_Missteps,_Peccadilloes,_Bad_Calls,_Backroom_Hijinx,_Sordid_Pasts,_Rotten_Breaks,_and_Just_Plain_Dumb_Mistakes_in_the_Annals_of_American_Politics.jpg
[2025-07-25 16:44:57] Imagen descargada y registrada: Patience.jpg
[2025-07-25 16:44:57] Imagen descargada y registrada: Outcast,_Vol._1:_A_Darkness_Surrounds_Him_(Outcast_#1).jpg
[2025-07-25 16:44:58] Error al descargar imagen de orange: The Complete Collection 1 (orange: The Complete Collection #1): [Errno 22] Invalid argument: 'downloads\\orange:_The_Complete_Collection_1_(orange:_The_Complete_Collection_#1).jpg'
[2025-07-25 16:44:58] Imagen descargada y registrada: Online_Marketing_for_Busy_Authors:_A_Step-By-Step_Guide.jpg
[2025-07-25 16:44:58] Imagen descargada y registrada: On_a_Midnight_Clear.jpg
[2025-07-25 16:44:58] Imagen descargada y registrada: Obsidian_(Lux_#1).jpg
[2025-07-25 16:44:58] Imagen descargada y registrada: My_Paris_Kitchen:_Recipes_and_Stories.jpg
[2025-07-25 16:44:59] Imagen descargada y registrada: Masks_and_Shadows.jpg
[2025-07-25 16:44:59] Imagen descargada y registrada: Mama_Tried:_Traditional_Italian_Cooking_for_the_Screwed,_Crude,_Vegan,_and_Tattooed.jpg
[2025-07-25 16:44:59] Imagen descargada y registrada: Lumberjanes,_Vol._2:_Friendship_to_the_Max_(Lumberjanes_#5-8).jpg
[2025-07-25 16:44:59] Imagen descargada y registrada: Lumberjanes,_Vol._1:_Beware_the_Kitten_Holy_(Lumberjanes_#1-4).jpg
[2025-07-25 16:45:00] Imagen descargada y registrada: Lumberjanes_Vol._3:_A_Terrible_Plan_(Lumberjanes_#9-12).jpg
[2025-07-25 16:45:00] Imagen descargada y registrada: Layered:_Baking,_Building,_and_Styling_Spectacular_Cakes.jpg
[2025-07-25 16:45:00] Imagen descargada y registrada: Judo:_Seven_Steps_to_Black_Belt_(an_Introductory_Guide_for_Beginners).jpg
[2025-07-25 16:45:00] Imagen descargada y registrada: Join.jpg
[2025-07-25 16:45:00] Imagen descargada y registrada: In_the_Country_We_Love:_My_Family_Divided.jpg
[2025-07-25 16:45:00] Se guardaron 100 libros en 'data/results.json'
[2025-07-25 16:45:00] Evento de scraping registrado en events.json.
[2025-07-25 16:45:00] ✅ Datos de estático guardados en PostgreSQL.
[2025-07-25 16:45:00] ==== Ejecución de scraper estático finalizada ====
